#@ # 
#@ # Running fc_shell Version W-2024.09-SP3 for linux64 -- Jan 16, 2025
#@ # Date:   Mon Jan  5 12:59:43 2026
#@ # Run by: inf25@SidecServer
#@ 

puts "<<<CODE:CHF-011>>>"
man CHF-011
puts "<<<END>>>"
puts "<<<CODE:CHF-014>>>"
man CHF-014
puts "<<<END>>>"
puts "<<<CODE:CHF-073>>>"
man CHF-073
puts "<<<END>>>"
puts "<<<CODE:CMD-013>>>"
man CMD-013
puts "<<<END>>>"
puts "<<<CODE:CMD-030>>>"
man CMD-030
puts "<<<END>>>"
puts "<<<CODE:CTS-956>>>"
man CTS-956
puts "<<<END>>>"
puts "<<<CODE:EOPT-011>>>"
man EOPT-011
puts "<<<END>>>"
puts "<<<CODE:FRAM-054>>>"
man FRAM-054
puts "<<<END>>>"
puts "<<<CODE:LEFW-005>>>"
man LEFW-005
puts "<<<END>>>"
puts "<<<CODE:LEFW-007>>>"
man LEFW-007
puts "<<<END>>>"
puts "<<<CODE:MV-013>>>"
man MV-013
puts "<<<END>>>"
puts "<<<CODE:MV-074>>>"
man MV-074
puts "<<<END>>>"
puts "<<<CODE:NDM-102>>>"
man NDM-102
puts "<<<END>>>"
puts "<<<CODE:NEX-020>>>"
man NEX-020
puts "<<<END>>>"
puts "<<<CODE:NEX-055>>>"
man NEX-055
puts "<<<END>>>"
puts "<<<CODE:PDC-003>>>"
man PDC-003
puts "<<<END>>>"
puts "<<<CODE:POW-009>>>"
man POW-009
puts "<<<END>>>"
puts "<<<CODE:POW-046>>>"
man POW-046
puts "<<<END>>>"
puts "<<<CODE:PVT-020>>>"
man PVT-020
puts "<<<END>>>"
puts "<<<CODE:PVT-022>>>"
man PVT-022
puts "<<<END>>>"
puts "<<<CODE:PVT-030>>>"
man PVT-030
puts "<<<END>>>"
puts "<<<CODE:PVT-031>>>"
man PVT-031
puts "<<<END>>>"
puts "<<<CODE:PVT-033>>>"
man PVT-033
puts "<<<END>>>"
puts "<<<CODE:PVT-034>>>"
man PVT-034
puts "<<<END>>>"
puts "<<<CODE:SEL-004>>>"
man SEL-004
puts "<<<END>>>"
puts "<<<CODE:TIM-204>>>"
man TIM-204
puts "<<<END>>>"
puts "<<<CODE:TIM-207>>>"
man TIM-207
puts "<<<END>>>"
puts "<<<CODE:TIM-260>>>"
man TIM-260
puts "<<<END>>>"
puts "<<<CODE:UIC-058>>>"
man UIC-058
puts "<<<END>>>"
puts "<<<CODE:UIED-180>>>"
man UIED-180
puts "<<<END>>>"
puts "<<<CODE:UIED-304>>>"
man UIED-304
puts "<<<END>>>"
puts "<<<CODE:UIED-309>>>"
man UIED-309
puts "<<<END>>>"
puts "<<<CODE:UIED-313>>>"
man UIED-313
puts "<<<END>>>"
puts "<<<CODE:UPF-236>>>"
man UPF-236
puts "<<<END>>>"
puts "<<<CODE:ZRT-022>>>"
man ZRT-022
puts "<<<END>>>"
puts "<<<CODE:ZRT-027>>>"
man ZRT-027
puts "<<<END>>>"
puts "<<<CODE:ZRT-044>>>"
man ZRT-044
puts "<<<END>>>"
puts "<<<CODE:ZRT-101>>>"
man ZRT-101
puts "<<<END>>>"
puts "<<<CODE:ZRT-142>>>"
man ZRT-142
puts "<<<END>>>"
puts "<<<CODE:ZRT-143>>>"
man ZRT-143
puts "<<<END>>>"
puts "<<<CODE:ZRT-311>>>"
man ZRT-311
puts "<<<END>>>"
puts "<<<CODE:ZRT-543>>>"
man ZRT-543
puts "<<<END>>>"
puts "<<<CODE:ZRT-626>>>"
man ZRT-626
puts "<<<END>>>"
puts "<<<CODE:ZRT-740>>>"
man ZRT-740
puts "<<<END>>>"
puts "<<<CODE:ZRT-825>>>"
man ZRT-825
puts "<<<END>>>"
exit
